#Timing report of worst 2 path(s)
# Unit scale: 1e-09 seconds
# Output precision: 3

#Path 1
Startpoint: A.inpad[0] (.input clocked by virtual_io_clock)
Endpoint  : out:r.outpad[0] (.output clocked by virtual_io_clock)
Path Type : setup

Point                                                               Incr      Path
----------------------------------------------------------------------------------
clock virtual_io_clock (rise edge)                                 0.000     0.000
clock source latency                                               0.000     0.000
input external delay                                               0.000     0.000
A.inpad[0] (.input)                                                0.000     0.000
$iopadmap$flash.A.I_PAD_$inp[0] (BIDIR_CELL)                       0.000     0.000
$iopadmap$flash.A.I_DAT[0] (BIDIR_CELL)                           10.958    10.958
r_LUT2_O.t_frag.XAB[0] (T_FRAG)                                    5.903    16.861
r_LUT2_O.t_frag.XZ[0] (T_FRAG)                                     1.251    18.112
$iopadmap$flash.r.O_DAT[0] (BIDIR_CELL)                            3.520    21.631
$iopadmap$flash.r.O_PAD_$out[0] (BIDIR_CELL)                       9.809    31.440
out:r.outpad[0] (.output)                                          0.000    31.440
data arrival time                                                           31.440

clock virtual_io_clock (rise edge)                                 0.000     0.000
clock source latency                                               0.000     0.000
clock uncertainty                                                  0.000     0.000
output external delay                                              0.000     0.000
data required time                                                           0.000
----------------------------------------------------------------------------------
data required time                                                           0.000
data arrival time                                                          -31.440
----------------------------------------------------------------------------------
slack (VIOLATED)                                                           -31.440


#Path 2
Startpoint: A.inpad[0] (.input clocked by virtual_io_clock)
Endpoint  : out:g.outpad[0] (.output clocked by virtual_io_clock)
Path Type : setup

Point                                                               Incr      Path
----------------------------------------------------------------------------------
clock virtual_io_clock (rise edge)                                 0.000     0.000
clock source latency                                               0.000     0.000
input external delay                                               0.000     0.000
A.inpad[0] (.input)                                                0.000     0.000
$iopadmap$flash.A.I_PAD_$inp[0] (BIDIR_CELL)                       0.000     0.000
$iopadmap$flash.A.I_DAT[0] (BIDIR_CELL)                           10.958    10.958
g_LUT2_O.t_frag.XAB[0] (T_FRAG)                                    6.082    17.040
g_LUT2_O.t_frag.XZ[0] (T_FRAG)                                     1.305    18.345
$iopadmap$flash.g.O_DAT[0] (BIDIR_CELL)                            3.126    21.471
$iopadmap$flash.g.O_PAD_$out[0] (BIDIR_CELL)                       9.809    31.280
out:g.outpad[0] (.output)                                          0.000    31.280
data arrival time                                                           31.280

clock virtual_io_clock (rise edge)                                 0.000     0.000
clock source latency                                               0.000     0.000
clock uncertainty                                                  0.000     0.000
output external delay                                              0.000     0.000
data required time                                                           0.000
----------------------------------------------------------------------------------
data required time                                                           0.000
data arrival time                                                          -31.280
----------------------------------------------------------------------------------
slack (VIOLATED)                                                           -31.280


#End of timing report
