#Timing report of worst 2 path(s)
# Unit scale: 1e-09 seconds
# Output precision: 3

#Path 1
Startpoint: B.inpad[0] (.input clocked by virtual_io_clock)
Endpoint  : out:g.outpad[0] (.output clocked by virtual_io_clock)
Path Type : hold

Point                                                               Incr      Path
----------------------------------------------------------------------------------
clock virtual_io_clock (rise edge)                                 0.000     0.000
clock source latency                                               0.000     0.000
input external delay                                               0.000     0.000
B.inpad[0] (.input)                                                0.000     0.000
$iopadmap$flash.B.I_PAD_$inp[0] (BIDIR_CELL)                       0.000     0.000
$iopadmap$flash.B.I_DAT[0] (BIDIR_CELL)                           10.153    10.153
g_LUT2_O.t_frag.XSL[0] (T_FRAG)                                    4.817    14.970
g_LUT2_O.t_frag.XZ[0] (T_FRAG)                                     1.041    16.011
$iopadmap$flash.g.O_DAT[0] (BIDIR_CELL)                            3.126    19.137
$iopadmap$flash.g.O_PAD_$out[0] (BIDIR_CELL)                       9.726    28.863
out:g.outpad[0] (.output)                                          0.000    28.863
data arrival time                                                           28.863

clock virtual_io_clock (rise edge)                                 0.000     0.000
clock source latency                                               0.000     0.000
clock uncertainty                                                  0.000     0.000
output external delay                                              0.000     0.000
data required time                                                           0.000
----------------------------------------------------------------------------------
data required time                                                          -0.000
data arrival time                                                           28.863
----------------------------------------------------------------------------------
slack (MET)                                                                 28.863


#Path 2
Startpoint: B.inpad[0] (.input clocked by virtual_io_clock)
Endpoint  : out:r.outpad[0] (.output clocked by virtual_io_clock)
Path Type : hold

Point                                                               Incr      Path
----------------------------------------------------------------------------------
clock virtual_io_clock (rise edge)                                 0.000     0.000
clock source latency                                               0.000     0.000
input external delay                                               0.000     0.000
B.inpad[0] (.input)                                                0.000     0.000
$iopadmap$flash.B.I_PAD_$inp[0] (BIDIR_CELL)                       0.000     0.000
$iopadmap$flash.B.I_DAT[0] (BIDIR_CELL)                           10.153    10.153
r_LUT2_O.t_frag.XSL[0] (T_FRAG)                                    4.728    14.881
r_LUT2_O.t_frag.XZ[0] (T_FRAG)                                     0.975    15.856
$iopadmap$flash.r.O_DAT[0] (BIDIR_CELL)                            3.520    19.376
$iopadmap$flash.r.O_PAD_$out[0] (BIDIR_CELL)                       9.726    29.102
out:r.outpad[0] (.output)                                          0.000    29.102
data arrival time                                                           29.102

clock virtual_io_clock (rise edge)                                 0.000     0.000
clock source latency                                               0.000     0.000
clock uncertainty                                                  0.000     0.000
output external delay                                              0.000     0.000
data required time                                                           0.000
----------------------------------------------------------------------------------
data required time                                                          -0.000
data arrival time                                                           29.102
----------------------------------------------------------------------------------
slack (MET)                                                                 29.102


#End of timing report
